2024-06-03 06:36:43,080 - INFO - Подключение к базе данных установлено
2024-06-03 06:36:43,083 - INFO - Пользователь admin успешно вошел в систему
2024-06-03 06:37:16,900 - INFO - Подключение к базе данных установлено
2024-06-03 06:37:16,902 - INFO - Просмотр данных из таблицы: customers
2024-06-03 06:37:36,959 - INFO - Подключение к базе данных установлено
2024-06-03 06:37:36,972 - INFO - Добавлен новый пользователь: test1
2024-06-03 07:22:37,715 - INFO - Подключение к базе данных установлено
2024-06-03 07:22:37,718 - INFO - Пользователь admin успешно вошел в систему
2024-06-03 07:22:45,987 - INFO - Подключение к базе данных установлено
2024-06-03 07:22:45,996 - ERROR - Ошибка при просмотре истории аудита: relation "audit_log" does not exist
LINE 1: SELECT * FROM audit_log ORDER BY timestamp DESC
                      ^

2024-06-03 07:22:57,957 - INFO - Подключение к базе данных установлено
2024-06-03 07:22:57,958 - INFO - Просмотр данных из таблицы: customers
2024-06-03 07:23:32,218 - INFO - Подключение к базе данных установлено
2024-06-03 07:23:32,230 - INFO - Просмотр данных из таблицы: customers
2024-06-03 07:23:32,401 - INFO - Подключение к базе данных установлено
2024-06-03 07:23:32,402 - INFO - Просмотр данных из таблицы: customers
2024-06-03 07:23:32,595 - INFO - Подключение к базе данных установлено
2024-06-03 07:23:32,596 - INFO - Просмотр данных из таблицы: customers
2024-06-03 07:23:36,970 - INFO - Подключение к базе данных установлено
2024-06-03 07:23:36,971 - INFO - Просмотр данных из таблицы: customers
2024-06-03 07:23:37,163 - INFO - Подключение к базе данных установлено
2024-06-03 07:23:37,164 - INFO - Просмотр данных из таблицы: customers
2024-06-03 07:23:37,341 - INFO - Подключение к базе данных установлено
2024-06-03 07:23:37,342 - INFO - Просмотр данных из таблицы: customers
2024-06-03 07:23:37,521 - INFO - Подключение к базе данных установлено
2024-06-03 07:23:37,522 - INFO - Просмотр данных из таблицы: customers
2024-06-03 07:23:37,685 - INFO - Подключение к базе данных установлено
2024-06-03 07:23:37,686 - INFO - Просмотр данных из таблицы: customers
2024-06-03 07:23:37,876 - INFO - Подключение к базе данных установлено
2024-06-03 07:23:37,878 - INFO - Просмотр данных из таблицы: customers
2024-06-03 07:24:18,897 - INFO - Подключение к базе данных установлено
2024-06-03 07:24:18,898 - INFO - Просмотр данных из таблицы: customers
2024-06-03 07:24:21,536 - INFO - Подключение к базе данных установлено
2024-06-03 07:24:21,538 - INFO - Просмотр данных из таблицы: customers
2024-06-03 07:24:21,811 - INFO - Подключение к базе данных установлено
2024-06-03 07:24:21,812 - INFO - Просмотр данных из таблицы: customers
2024-06-03 07:24:22,004 - INFO - Подключение к базе данных установлено
2024-06-03 07:24:22,006 - INFO - Просмотр данных из таблицы: customers
2024-06-03 07:24:25,993 - INFO - Подключение к базе данных установлено
2024-06-03 07:24:25,995 - INFO - Просмотр данных из таблицы: customers
2024-06-03 07:24:26,205 - INFO - Подключение к базе данных установлено
2024-06-03 07:24:26,206 - INFO - Просмотр данных из таблицы: customers
2024-06-03 07:24:26,370 - INFO - Подключение к базе данных установлено
2024-06-03 07:24:26,371 - INFO - Просмотр данных из таблицы: customers
2024-06-03 07:24:29,146 - INFO - Подключение к базе данных установлено
2024-06-03 07:24:29,148 - INFO - Просмотр данных из таблицы: customers
2024-06-03 07:24:40,310 - INFO - Подключение к базе данных установлено
2024-06-03 07:24:40,312 - INFO - Просмотр данных из таблицы: customers
2024-06-03 07:24:44,600 - INFO - Подключение к базе данных установлено
2024-06-03 07:24:44,601 - ERROR - Ошибка при просмотре истории аудита: relation "audit_log" does not exist
LINE 1: SELECT * FROM audit_log ORDER BY timestamp DESC
                      ^

2024-06-03 11:51:55,168 - INFO - Подключение к базе данных установлено
2024-06-03 11:51:55,238 - INFO - Пользователь admin успешно вошел в систему
2024-06-03 11:52:08,287 - INFO - Подключение к базе данных установлено
2024-06-03 11:52:08,298 - INFO - Просмотр данных из таблицы: customers
2024-06-03 11:52:15,503 - INFO - Подключение к базе данных установлено
2024-06-03 11:52:15,508 - INFO - Просмотр данных из таблицы: customers
2024-06-03 11:52:15,769 - INFO - Подключение к базе данных установлено
2024-06-03 11:52:15,775 - INFO - Просмотр данных из таблицы: customers
2024-06-03 11:52:18,709 - INFO - Подключение к базе данных установлено
2024-06-03 11:52:18,714 - INFO - Просмотр данных из таблицы: customers
2024-06-03 11:52:18,920 - INFO - Подключение к базе данных установлено
2024-06-03 11:52:18,925 - INFO - Просмотр данных из таблицы: customers
2024-06-03 11:52:21,429 - INFO - Подключение к базе данных установлено
2024-06-03 11:52:21,435 - INFO - Просмотр данных из таблицы: customers
2024-06-03 11:52:25,468 - INFO - Подключение к базе данных установлено
2024-06-03 11:52:25,472 - INFO - Просмотр данных из таблицы: customers
2024-06-03 11:52:25,709 - INFO - Подключение к базе данных установлено
2024-06-03 11:52:25,714 - INFO - Просмотр данных из таблицы: customers
2024-06-03 11:52:27,595 - INFO - Подключение к базе данных установлено
2024-06-03 11:52:27,600 - INFO - Просмотр данных из таблицы: customers
2024-06-03 11:52:28,085 - INFO - Подключение к базе данных установлено
2024-06-03 11:52:28,091 - INFO - Просмотр данных из таблицы: customers
2024-06-03 11:52:33,485 - INFO - Подключение к базе данных установлено
2024-06-03 11:52:33,487 - INFO - Просмотр данных из таблицы: customers
2024-06-03 11:52:38,296 - INFO - Подключение к базе данных установлено
2024-06-03 11:52:38,301 - INFO - Просмотр данных из таблицы: customers
2024-06-03 11:52:38,488 - INFO - Подключение к базе данных установлено
2024-06-03 11:52:38,494 - INFO - Просмотр данных из таблицы: customers
2024-06-03 11:52:38,669 - INFO - Подключение к базе данных установлено
2024-06-03 11:52:38,674 - INFO - Просмотр данных из таблицы: customers
2024-06-03 11:52:38,895 - INFO - Подключение к базе данных установлено
2024-06-03 11:52:38,899 - INFO - Просмотр данных из таблицы: customers
2024-06-03 11:52:39,271 - INFO - Подключение к базе данных установлено
2024-06-03 11:52:39,276 - INFO - Просмотр данных из таблицы: customers
2024-06-03 11:52:39,512 - INFO - Подключение к базе данных установлено
2024-06-03 11:52:39,518 - INFO - Просмотр данных из таблицы: customers
2024-06-03 11:52:43,903 - INFO - Подключение к базе данных установлено
2024-06-03 11:52:43,909 - INFO - Просмотр данных из таблицы: customers
2024-06-03 11:52:47,217 - INFO - Подключение к базе данных установлено
2024-06-03 11:52:47,222 - INFO - Просмотр данных из таблицы: customers
2024-06-03 12:03:20,234 - INFO - Подключение к базе данных установлено
2024-06-03 12:03:20,245 - INFO - Пользователь admin успешно вошел в систему
2024-06-03 12:03:38,942 - INFO - Подключение к базе данных установлено
2024-06-03 12:03:38,945 - ERROR - Ошибка просмотра данных из таблицы customers: column "name" does not exist
LINE 1: SELECT * FROM customers WHERE Name::text ILIKE '%admin%'
                                      ^

2024-06-03 12:05:10,425 - INFO - Подключение к базе данных установлено
2024-06-03 12:05:10,429 - ERROR - Ошибка просмотра данных из таблицы customers: column "name" does not exist
LINE 1: SELECT * FROM customers WHERE Name::text ILIKE '%admin%'
                                      ^

2024-06-03 12:16:37,391 - INFO - Подключение к базе данных установлено
2024-06-03 12:16:37,400 - INFO - Пользователь admin успешно вошел в систему
2024-06-03 12:16:52,211 - INFO - Подключение к базе данных установлено
2024-06-03 12:16:52,217 - INFO - Просмотр данных из таблицы: customers
2024-06-03 12:17:44,954 - INFO - Подключение к базе данных установлено
2024-06-03 12:17:44,960 - INFO - Просмотр данных из таблицы: customers
2024-06-03 12:17:45,532 - INFO - Подключение к базе данных установлено
2024-06-03 12:17:45,537 - INFO - Просмотр данных из таблицы: customers
2024-06-03 12:17:45,712 - INFO - Подключение к базе данных установлено
2024-06-03 12:17:45,718 - INFO - Просмотр данных из таблицы: customers
2024-06-03 12:17:45,920 - INFO - Подключение к базе данных установлено
2024-06-03 12:17:45,924 - INFO - Просмотр данных из таблицы: customers
2024-06-03 12:17:49,186 - INFO - Подключение к базе данных установлено
2024-06-03 12:17:49,191 - INFO - Просмотр данных из таблицы: customers
2024-06-03 12:17:49,363 - INFO - Подключение к базе данных установлено
2024-06-03 12:17:49,368 - INFO - Просмотр данных из таблицы: customers
2024-06-03 12:17:49,547 - INFO - Подключение к базе данных установлено
2024-06-03 12:17:49,552 - INFO - Просмотр данных из таблицы: customers
2024-06-03 12:17:50,452 - INFO - Подключение к базе данных установлено
2024-06-03 12:17:50,458 - INFO - Просмотр данных из таблицы: customers
2024-06-03 12:17:50,644 - INFO - Подключение к базе данных установлено
2024-06-03 12:17:50,649 - INFO - Просмотр данных из таблицы: customers
2024-06-03 12:17:54,900 - INFO - Подключение к базе данных установлено
2024-06-03 12:17:54,905 - INFO - Просмотр данных из таблицы: customers
2024-06-03 12:17:55,116 - INFO - Подключение к базе данных установлено
2024-06-03 12:17:55,120 - INFO - Просмотр данных из таблицы: customers
2024-06-03 12:17:55,262 - INFO - Подключение к базе данных установлено
2024-06-03 12:17:55,267 - INFO - Просмотр данных из таблицы: customers
2024-06-03 12:17:55,520 - INFO - Подключение к базе данных установлено
2024-06-03 12:17:55,526 - INFO - Просмотр данных из таблицы: customers
2024-06-03 12:17:55,708 - INFO - Подключение к базе данных установлено
2024-06-03 12:17:55,713 - INFO - Просмотр данных из таблицы: customers
2024-06-03 12:18:02,314 - INFO - Просмотр истории операций
2024-06-03 12:18:14,633 - INFO - Подключение к базе данных установлено
2024-06-03 12:18:14,636 - ERROR - Ошибка при просмотре истории аудита: relation "audit_log" does not exist
LINE 1: SELECT * FROM audit_log ORDER BY timestamp DESC
                      ^

2024-06-03 21:37:04,346 - INFO - Подключение к базе данных установлено
2024-06-03 21:37:04,356 - INFO - Пользователь admin успешно вошел в систему
2024-06-03 21:37:08,397 - INFO - Подключение к базе данных установлено
2024-06-03 21:37:08,398 - ERROR - Ошибка при просмотре истории аудита: relation "audit_log" does not exist
LINE 1: SELECT * FROM audit_log ORDER BY timestamp DESC
                      ^

2024-06-03 21:38:02,572 - INFO - Просмотр истории операций
2024-06-03 21:38:27,506 - INFO - Подключение к базе данных установлено
2024-06-03 21:38:27,507 - INFO - Просмотр данных из таблицы: customers
2024-06-03 21:38:33,243 - INFO - Подключение к базе данных установлено
2024-06-03 21:38:33,245 - INFO - Просмотр данных из таблицы: customers
2024-06-03 21:38:33,428 - INFO - Подключение к базе данных установлено
2024-06-03 21:38:33,430 - INFO - Просмотр данных из таблицы: customers
2024-06-03 21:38:33,607 - INFO - Подключение к базе данных установлено
2024-06-03 21:38:33,608 - INFO - Просмотр данных из таблицы: customers
2024-06-03 21:38:49,606 - INFO - Подключение к базе данных установлено
2024-06-03 21:38:49,607 - INFO - Просмотр данных из таблицы: customers
2024-06-03 21:40:36,157 - INFO - Подключение к базе данных установлено
2024-06-03 21:40:36,158 - ERROR - Ошибка при просмотре истории аудита: relation "audit_log" does not exist
LINE 1: SELECT * FROM audit_log ORDER BY timestamp DESC
                      ^

2024-06-06 06:18:21,165 - INFO - Подключение к базе данных установлено
2024-06-06 06:18:21,167 - INFO - Пользователь admin успешно вошел в систему
2024-06-06 06:18:21,983 - ERROR - Ошибка входа пользователя admin: name 'view_audit_log' is not defined
2024-06-06 06:18:26,693 - INFO - Подключение к базе данных установлено
2024-06-06 06:18:26,695 - INFO - Просмотр данных из таблицы: customers
2024-06-06 06:18:28,075 - INFO - Просмотр истории операций
2024-06-06 06:18:32,401 - INFO - Подключение к базе данных установлено
2024-06-06 06:18:36,597 - INFO - Данные из таблицы customers экспортированы в /home/morozov/subd/asd.xlsx
2024-06-06 08:54:06,047 - INFO - Подключение к базе данных установлено
2024-06-06 08:54:06,074 - INFO - Пользователь admin успешно вошел в систему
2024-06-06 08:54:17,076 - INFO - Подключение к базе данных установлено
2024-06-06 08:54:17,078 - INFO - Пользователь admin успешно вошел в систему
2024-06-06 08:54:20,627 - INFO - Подключение к базе данных установлено
2024-06-06 08:54:20,628 - INFO - Просмотр данных из таблицы: customers
2024-06-06 08:54:30,801 - INFO - Подключение к базе данных установлено
2024-06-06 08:54:30,803 - INFO - Пользователь admin успешно вошел в систему
